  Ash.cpp
C:\Users\y\Desktop\KGProgramming_TeamProject\TeamProject\Ash.cpp(36,4): error C2661: 'Image::Init': 오버로드된 함수에서 7개의 인수를 사용하지 않습니다.
C:\Users\y\Desktop\KGProgramming_TeamProject\TeamProject\Ash.cpp(41,4): error C2661: 'Image::Init': 오버로드된 함수에서 7개의 인수를 사용하지 않습니다.
C:\Users\y\Desktop\KGProgramming_TeamProject\TeamProject\Ash.cpp(46,4): error C2661: 'Image::Init': 오버로드된 함수에서 7개의 인수를 사용하지 않습니다.
C:\Users\y\Desktop\KGProgramming_TeamProject\TeamProject\Ash.cpp(51,4): error C2661: 'Image::Init': 오버로드된 함수에서 7개의 인수를 사용하지 않습니다.
C:\Users\y\Desktop\KGProgramming_TeamProject\TeamProject\Ash.cpp(56,4): error C2661: 'Image::Init': 오버로드된 함수에서 7개의 인수를 사용하지 않습니다.
C:\Users\y\Desktop\KGProgramming_TeamProject\TeamProject\Ash.cpp(61,4): error C2661: 'Image::Init': 오버로드된 함수에서 7개의 인수를 사용하지 않습니다.
C:\Users\y\Desktop\KGProgramming_TeamProject\TeamProject\Ash.cpp(66,4): error C2661: 'Image::Init': 오버로드된 함수에서 7개의 인수를 사용하지 않습니다.
C:\Users\y\Desktop\KGProgramming_TeamProject\TeamProject\Ash.cpp(71,4): error C2661: 'Image::Init': 오버로드된 함수에서 7개의 인수를 사용하지 않습니다.
C:\Users\y\Desktop\KGProgramming_TeamProject\TeamProject\Ash.cpp(76,4): error C2661: 'Image::Init': 오버로드된 함수에서 7개의 인수를 사용하지 않습니다.
C:\Users\y\Desktop\KGProgramming_TeamProject\TeamProject\Ash.cpp(81,4): error C2661: 'Image::Init': 오버로드된 함수에서 7개의 인수를 사용하지 않습니다.
C:\Users\y\Desktop\KGProgramming_TeamProject\TeamProject\Ash.cpp(86,4): error C2661: 'Image::Init': 오버로드된 함수에서 7개의 인수를 사용하지 않습니다.
C:\Users\y\Desktop\KGProgramming_TeamProject\TeamProject\Ash.cpp(91,4): error C2661: 'Image::Init': 오버로드된 함수에서 7개의 인수를 사용하지 않습니다.
  Character.cpp
C:\Users\y\Desktop\KGProgramming_TeamProject\TeamProject\Character.cpp(22,5): error C2661: 'Image::Init': 오버로드된 함수에서 7개의 인수를 사용하지 않습니다.
C:\Users\y\Desktop\KGProgramming_TeamProject\TeamProject\Character.cpp(152,20): error C2039: 'RenderReverse': 'Image'의 멤버가 아닙니다.
C:\Users\y\Desktop\KGProgramming_TeamProject\TeamProject\Image.h(4): message : 'Image' 선언을 참조하십시오.
C:\Users\y\Desktop\KGProgramming_TeamProject\TeamProject\Character.cpp(153,16): error C2039: 'RenderReverse': 'Image'의 멤버가 아닙니다.
C:\Users\y\Desktop\KGProgramming_TeamProject\TeamProject\Image.h(4): message : 'Image' 선언을 참조하십시오.
C:\Users\y\Desktop\KGProgramming_TeamProject\TeamProject\Character.cpp(156,54): error C2661: 'Image::Render': 오버로드된 함수에서 5개의 인수를 사용하지 않습니다.
C:\Users\y\Desktop\KGProgramming_TeamProject\TeamProject\Character.cpp(157,62): error C2661: 'Image::Render': 오버로드된 함수에서 5개의 인수를 사용하지 않습니다.
C:\Users\y\Desktop\KGProgramming_TeamProject\TeamProject\Character.cpp(162,20): error C2039: 'RenderReverse': 'Image'의 멤버가 아닙니다.
C:\Users\y\Desktop\KGProgramming_TeamProject\TeamProject\Image.h(4): message : 'Image' 선언을 참조하십시오.
C:\Users\y\Desktop\KGProgramming_TeamProject\TeamProject\Character.cpp(165,54): error C2661: 'Image::Render': 오버로드된 함수에서 5개의 인수를 사용하지 않습니다.
  Image.cpp
  MainGame.cpp
C:\Users\y\Desktop\KGProgramming_TeamProject\TeamProject\MainGame.cpp(68,79): warning C4267: '인수': 'size_t'에서 'int'(으)로 변환하면서 데이터가 손실될 수 있습니다.
C:\Users\y\Desktop\KGProgramming_TeamProject\TeamProject\MainGame.cpp(71,50): warning C4267: '인수': 'size_t'에서 'int'(으)로 변환하면서 데이터가 손실될 수 있습니다.
  코드를 생성하고 있습니다...
