c:\users\kslee\desktop\teamproject\kgprogramming_teamproject\teamproject\x64\debug\vc142.pdb
c:\users\kslee\desktop\teamproject\kgprogramming_teamproject\teamproject\x64\debug\vc142.idb
c:\users\kslee\desktop\teamproject\kgprogramming_teamproject\teamproject\x64\debug\maingame.obj
c:\users\kslee\desktop\teamproject\kgprogramming_teamproject\teamproject\x64\debug\main.obj
c:\users\kslee\desktop\teamproject\kgprogramming_teamproject\teamproject\x64\debug\keymanager.obj
c:\users\kslee\desktop\teamproject\kgprogramming_teamproject\teamproject\x64\debug\image.obj
c:\users\kslee\desktop\teamproject\kgprogramming_teamproject\teamproject\x64\debug\gamenode.obj
c:\users\kslee\desktop\teamproject\kgprogramming_teamproject\teamproject\x64\debug\checkbox.obj
c:\users\kslee\desktop\teamproject\kgprogramming_teamproject\teamproject\x64\debug\character.obj
c:\users\kslee\desktop\teamproject\kgprogramming_teamproject\x64\debug\teamproject.ilk
c:\users\kslee\desktop\teamproject\kgprogramming_teamproject\x64\debug\teamproject.exe
c:\users\kslee\desktop\teamproject\kgprogramming_teamproject\x64\debug\teamproject.pdb
e:\kof_프로젝트\teamproject\x64\debug\character.obj
e:\kof_프로젝트\teamproject\x64\debug\checkbox.obj
e:\kof_프로젝트\teamproject\x64\debug\gamenode.obj
e:\kof_프로젝트\teamproject\x64\debug\image.obj
e:\kof_프로젝트\teamproject\x64\debug\keymanager.obj
e:\kof_프로젝트\teamproject\x64\debug\main.obj
e:\kof_프로젝트\teamproject\x64\debug\maingame.obj
e:\kof_프로젝트\teamproject\x64\debug\vc142.idb
e:\kof_프로젝트\teamproject\x64\debug\vc142.pdb
e:\kof_프로젝트\x64\debug\teamproject.exe
e:\kof_프로젝트\teamproject\x64\debug\teamproject.tlog\cl.command.1.tlog
e:\kof_프로젝트\teamproject\x64\debug\teamproject.tlog\cl.read.1.tlog
e:\kof_프로젝트\teamproject\x64\debug\teamproject.tlog\cl.write.1.tlog
e:\kof_프로젝트\teamproject\x64\debug\teamproject.tlog\link.command.1.tlog
e:\kof_프로젝트\teamproject\x64\debug\teamproject.tlog\link.read.1.tlog
e:\kof_프로젝트\teamproject\x64\debug\teamproject.tlog\link.write.1.tlog
